\BOOKMARK [1][-]{section.1}{Motivation}{}% 1
\BOOKMARK [2][-]{subsection.1.1}{General approach}{section.1}% 2
\BOOKMARK [2][-]{subsection.1.2}{Chosen factors}{section.1}% 3
\BOOKMARK [3][-]{subsubsection.1.2.1}{Number of student in a class \046 student to teaching staff ratio}{subsection.1.2}% 4
\BOOKMARK [3][-]{subsubsection.1.2.2}{Teachers salaries}{subsection.1.2}% 5
\BOOKMARK [3][-]{subsubsection.1.2.3}{Time spent in class \046 at doing homework}{subsection.1.2}% 6
\BOOKMARK [3][-]{subsubsection.1.2.4}{Educational expenditure, as a part of GDP}{subsection.1.2}% 7
\BOOKMARK [3][-]{subsubsection.1.2.5}{Number of teaching hours}{subsection.1.2}% 8
\BOOKMARK [2][-]{subsection.1.3}{Testing the influence of the academic factors on results at PISA tests}{section.1}% 9
\BOOKMARK [3][-]{subsubsection.1.3.1}{Details}{subsection.1.3}% 10
\BOOKMARK [1][-]{section.2}{Dependency of PISA results in different fields}{}% 11
\BOOKMARK [1][-]{section.3}{Methodology of analysis}{}% 12
\BOOKMARK [2][-]{subsection.3.1}{Exemple of script used for analysis}{section.3}% 13
\BOOKMARK [2][-]{subsection.3.2}{Amount of available data}{section.3}% 14
\BOOKMARK [2][-]{subsection.3.3}{Strategy of analysis}{section.3}% 15
\BOOKMARK [1][-]{section.4}{Results}{}% 16
\BOOKMARK [2][-]{subsection.4.1}{Student / Teachers ratio}{section.4}% 17
\BOOKMARK [2][-]{subsection.4.2}{Teaching hours}{section.4}% 18
\BOOKMARK [2][-]{subsection.4.3}{Innovation in teaching methods}{section.4}% 19
\BOOKMARK [2][-]{subsection.4.4}{Are PISA results representative of the tertiary diplomas rate? }{section.4}% 20
\BOOKMARK [1][-]{section.5}{Conclusion}{}% 21
\BOOKMARK [1][-]{section.6}{Bibliography}{}% 22
